[18:21:27] [ServerMain/INFO]: Environment: Environment[sessionHost=https://sessionserver.mojang.com, servicesHost=https://api.minecraftservices.com, name=PROD]
[18:21:28] [ServerMain/INFO]: No existing world data, creating new world
[18:21:28] [ServerMain/INFO]: Loaded 1290 recipes
[18:21:29] [ServerMain/INFO]: Loaded 1399 advancements
[18:21:29] [Server thread/INFO]: Starting minecraft server version 1.21
[18:21:29] [Server thread/INFO]: Loading properties
[18:21:29] [Server thread/INFO]: Default game type: SURVIVAL
[18:21:29] [Server thread/INFO]: Generating keypair
[18:21:29] [Server thread/INFO]: Starting Minecraft server on *:25565
[18:21:29] [Server thread/INFO]: Using epoll channel type
[18:21:29] [Server thread/WARN]: **** SERVER IS RUNNING IN OFFLINE/INSECURE MODE!
[18:21:29] [Server thread/WARN]: The server will make no attempt to authenticate usernames. Beware.
[18:21:29] [Server thread/WARN]: While this makes the game possible to play without internet access, it also opens up the ability for hackers to connect with any username they choose.
[18:21:29] [Server thread/WARN]: To change this, set "online-mode" to "true" in the server.properties file.
[18:21:29] [Server thread/INFO]: Preparing level "world"
[18:21:34] [Server thread/INFO]: Preparing start region for dimension minecraft:overworld
[18:21:35] [Worker-Main-1/INFO]: Preparing spawn area: 2%
[18:21:35] [Worker-Main-3/INFO]: Preparing spawn area: 2%
[18:21:36] [Worker-Main-1/INFO]: Preparing spawn area: 2%
[18:21:36] [Worker-Main-3/INFO]: Preparing spawn area: 4%
[18:21:37] [Worker-Main-2/INFO]: Preparing spawn area: 18%
[18:21:37] [Worker-Main-2/INFO]: Preparing spawn area: 18%
[18:21:38] [Worker-Main-1/INFO]: Preparing spawn area: 51%
[18:21:38] [Worker-Main-3/INFO]: Preparing spawn area: 51%
[18:21:39] [Worker-Main-3/INFO]: Preparing spawn area: 51%
[18:21:39] [Server thread/INFO]: Time elapsed: 4392 ms
[18:21:39] [Server thread/INFO]: Done (9.492s)! For help, type "help"
[18:22:39] [Server thread/INFO]: bmppc[/[0:0:0:0:0:0:0:1%0]:55722] logged in with entity id 13 at (-45.5, 70.0, 28.5)
[18:22:39] [Server thread/INFO]: bmppc joined the game
[18:26:09] [Server thread/INFO]: bmppc lost connection: Timed out
[18:26:09] [Server thread/INFO]: bmppc left the game
[18:27:43] [Server thread/INFO]: bmppc[/[0:0:0:0:0:0:0:1%0]:48560] logged in with entity id 888 at (35.67916772636923, 73.0, 42.51798372459142)
[18:27:43] [Server thread/INFO]: bmppc joined the game
